/Applications/anaconda/envs/selfdriving/bin/python3 /opt/github/public/selfdrivingnd/p5-vechile-dect-trk/Train.py
 Training ...
Inside model creation ...
 Training with Cell per block 2. orient 9. hist_bins 32
Inside extractFeatures
Inside extractFeatures
Using:  9 orientations 8 pixels per cell and  2 cells per block  32 hist_bins => feature vector length:  6156
Seconds to train SVC:  20.43
Train Accuracy :  1.0
Test  Accuracy:   0.9896
Prediction time :  0.0007929801940917969
Label  1 Prediction [ 1.]
Prob [[  3.04186554e-05   9.99969581e-01]]
 Training with Cell per block 2. orient 9. hist_bins 48
Inside extractFeatures
Inside extractFeatures
Using:  9 orientations 8 pixels per cell and  2 cells per block  48 hist_bins => feature vector length:  6204
Seconds to train SVC:  8.8
Train Accuracy :  1.0
Test  Accuracy:   0.9938
Prediction time :  0.000782012939453125
Label  0 Prediction [ 0.]
Prob [[ 0.86704974  0.13295026]]
 Training with Cell per block 2. orient 12. hist_bins 32
Inside extractFeatures
Inside extractFeatures
Using:  12 orientations 8 pixels per cell and  2 cells per block  32 hist_bins => feature vector length:  7920
Seconds to train SVC:  9.36
Train Accuracy :  1.0
Test  Accuracy:   0.9935
Prediction time :  0.0012538433074951172
Label  1 Prediction [ 1.]
Prob [[  4.18914165e-08   9.99999958e-01]]
 Training with Cell per block 2. orient 12. hist_bins 48
Inside extractFeatures
Inside extractFeatures
Using:  12 orientations 8 pixels per cell and  2 cells per block  48 hist_bins => feature vector length:  7968
Seconds to train SVC:  10.69
Train Accuracy :  1.0
Test  Accuracy:   0.9944
Prediction time :  0.0009300708770751953
Label  1 Prediction [ 1.]
Prob [[  9.47185169e-07   9.99999053e-01]]
 Training with Cell per block 4. orient 9. hist_bins 32
Inside extractFeatures
Inside extractFeatures
Using:  9 orientations 8 pixels per cell and  4 cells per block  32 hist_bins => feature vector length:  11664
Seconds to train SVC:  49.86
Train Accuracy :  1.0
Test  Accuracy:   0.9949
Prediction time :  0.0008411407470703125
Label  1 Prediction [ 1.]
Prob [[  3.05501109e-04   9.99694499e-01]]
 Training with Cell per block 4. orient 9. hist_bins 48
Inside extractFeatures
Inside extractFeatures
Using:  9 orientations 8 pixels per cell and  4 cells per block  48 hist_bins => feature vector length:  11712
Seconds to train SVC:  28.57
Train Accuracy :  1.0
Test  Accuracy:   0.9913
Prediction time :  0.0009109973907470703
Label  0 Prediction [ 0.]
Prob [[  9.99977054e-01   2.29461885e-05]]
 Training with Cell per block 4. orient 12. hist_bins 32
Inside extractFeatures
Inside extractFeatures
Using:  12 orientations 8 pixels per cell and  4 cells per block  32 hist_bins => feature vector length:  15264
Seconds to train SVC:  87.6
Train Accuracy :  1.0
Test  Accuracy:   0.9932
Prediction time :  0.0018429756164550781
Label  1 Prediction [ 1.]
Prob [[  4.88229254e-06   9.99995118e-01]]
 Training with Cell per block 4. orient 12. hist_bins 48
Inside extractFeatures
Inside extractFeatures
Using:  12 orientations 8 pixels per cell and  4 cells per block  48 hist_bins => feature vector length:  15312
Seconds to train SVC:  72.67
Train Accuracy :  1.0
Test  Accuracy:   0.9938
Prediction time :  0.0009100437164306641
Label  1 Prediction [ 1.]
Prob [[ 0.03029128  0.96970872]]

Process finished with exit code 0
